<?xml version="1.0" encoding="UTF-8"?>
<!-- Generated by org.testng.reporters.JUnitReportReporter -->
<testsuite skipped="0" hostname="LAPTOP-49B5OITT" name="jenkinstest.TestngTest" tests="1" failures="0" timestamp="2020-09-02T16:52:57 IST" time="0.011" errors="0">
  <testcase name="testing" time="0.011" classname="jenkinstest.TestngTest"/>
  <system-out/>
</testsuite> <!-- jenkinstest.TestngTest -->
